{
  "0 debug pnpm:scope": {
    "selected": 1,
    "workspacePrefix": "/Users/ziqihu/Desktop/vue3/vue3_principle"
  },
  "1 error pnpm": {
    "errno": 1,
    "code": "ELIFECYCLE",
    "pkgid": "principle_vue3@1.0.0",
    "stage": "dev",
    "script": "node scripts/dev.js runtime-dom",
    "pkgname": "principle_vue3",
    "err": {
      "name": "pnpm",
      "message": "principle_vue3@1.0.0 dev: `node scripts/dev.js runtime-dom`\nExit status 1",
      "code": "ELIFECYCLE",
      "stack": "pnpm: principle_vue3@1.0.0 dev: `node scripts/dev.js runtime-dom`\nExit status 1\n    at EventEmitter.<anonymous> (/usr/local/lib/node_modules/pnpm/dist/pnpm.cjs:106952:20)\n    at EventEmitter.emit (node:events:527:28)\n    at ChildProcess.<anonymous> (/usr/local/lib/node_modules/pnpm/dist/pnpm.cjs:93518:18)\n    at ChildProcess.emit (node:events:527:28)\n    at maybeClose (node:internal/child_process:1092:16)\n    at Process.ChildProcess._handle.onexit (node:internal/child_process:302:5)"
    }
  },
  "2 warn pnpm:global": " Local package.json exists, but node_modules missing, did you mean to install?"
}